C51 COMPILER V9.57.0.0   MAIN                                                              06/24/2024 04:27:05 PAGE 1   


C51 COMPILER V9.57.0.0, COMPILATION OF MODULE MAIN
OBJECT MODULE PLACED IN .\Objects\main.obj
COMPILER INVOKED BY: D:\Keil_v5\C51\BIN\C51.EXE Code\src\main.c OPTIMIZE(8,SPEED) BROWSE DEBUG OBJECTEXTEND PRINT(.\List
                    -ings\main.lst) TABS(2) OBJECT(.\Objects\main.obj)

line level    source

   1          #include <REG51.h>
   2          #include "P2_BIT.h"
   3          
   4          // Function prototypes
   5          int main(void);
   6          void Delay(long* delaycount);
   7          
   8          // Global variables
   9          long DelayCount = 0xFFFFFFFF;
  10          sbit RED_Yellow = P1^0;
  11          sbit Butten_Switch = P1^7;
  12          sbit Digital_Input = P1^6;
  13          
  14          // Main function
  15          int main()
  16          {
  17   1        P1 = 0xFF;
  18   1        while(1)
  19   1        {
  20   2          char i = 1;
  21   2          P2 = P3;
  22   2          if(Butten_Switch == Low)
  23   2          {
  24   3             Delay(&DelayCount);
  25   3            if(Butten_Switch == Low)
  26   3            {
  27   4              i = Butten_Switch;
  28   4            }
  29   3          }
  30   2          RED_Yellow = (i || Digital_Input);
  31   2        }
  32   1        
  33   1        return ;
  34   1      }
  35          
  36          // Function to delay for a specified 
  37          void Delay(long* delaycount)
  38          {
  39   1        while (*delaycount --)
  40   1        {
  41   2          int i = 0xFF1;
  42   2          while(i --);
  43   2        }
  44   1        
  45   1        return ;
  46   1      }


MODULE INFORMATION:   STATIC OVERLAYABLE
   CODE SIZE        =     98    ----
   CONSTANT SIZE    =   ----    ----
   XDATA SIZE       =   ----    ----
   PDATA SIZE       =   ----    ----
   DATA SIZE        =     12       6
C51 COMPILER V9.57.0.0   MAIN                                                              06/24/2024 04:27:05 PAGE 2   

   IDATA SIZE       =   ----    ----
   BIT SIZE         =   ----    ----
END OF MODULE INFORMATION.


C51 COMPILATION COMPLETE.  0 WARNING(S),  0 ERROR(S)
